Flow report for cyclone4
Mon Jun 01 20:05:33 2015
Quartus II 64-Bit Version 15.0.0 Build 145 04/22/2015 SJ Web Edition


---------------------
; Table of Contents ;
---------------------
  1. Legal Notice
  2. Flow Summary
  3. Flow Settings
  4. Flow Non-Default Global Settings
  5. Flow Elapsed Time
  6. Flow OS Summary
  7. Flow Log
  8. Flow Messages
  9. Flow Suppressed Messages



----------------
; Legal Notice ;
----------------
Copyright (C) 1991-2015 Altera Corporation. All rights reserved.
Your use of Altera Corporation's design tools, logic functions 
and other software and tools, and its AMPP partner logic 
functions, and any output files from any of the foregoing 
(including device programming or simulation files), and any 
associated documentation or information are expressly subject 
to the terms and conditions of the Altera Program License 
Subscription Agreement, the Altera Quartus II License Agreement,
the Altera MegaCore Function License Agreement, or other 
applicable license agreement, including, without limitation, 
that your use is for the sole purpose of programming logic 
devices manufactured by Altera and sold by Altera or its 
authorized distributors.  Please refer to the applicable 
agreement for further details.



+---------------------------------------------------------------------------------+
; Flow Summary                                                                    ;
+------------------------------------+--------------------------------------------+
; Flow Status                        ; Successful - Mon Jun 01 20:05:23 2015      ;
; Quartus II 64-Bit Version          ; 15.0.0 Build 145 04/22/2015 SJ Web Edition ;
; Revision Name                      ; cyclone4                                   ;
; Top-level Entity Name              ; cyclone4                                   ;
; Family                             ; Cyclone IV E                               ;
; Device                             ; EP4CE10E22I7                               ;
; Timing Models                      ; Final                                      ;
; Total logic elements               ; 8,596 / 10,320 ( 83 % )                    ;
;     Total combinational functions  ; 8,029 / 10,320 ( 78 % )                    ;
;     Dedicated logic registers      ; 3,871 / 10,320 ( 38 % )                    ;
; Total registers                    ; 3871                                       ;
; Total pins                         ; 23 / 92 ( 25 % )                           ;
; Total virtual pins                 ; 0                                          ;
; Total memory bits                  ; 336 / 423,936 ( < 1 % )                    ;
; Embedded Multiplier 9-bit elements ; 22 / 46 ( 48 % )                           ;
; Total PLLs                         ; 1 / 2 ( 50 % )                             ;
+------------------------------------+--------------------------------------------+


+-----------------------------------------+
; Flow Settings                           ;
+-------------------+---------------------+
; Option            ; Setting             ;
+-------------------+---------------------+
; Start date & time ; 06/01/2015 20:02:58 ;
; Main task         ; Compilation         ;
; Revision Name     ; cyclone4            ;
+-------------------+---------------------+


+------------------------------------------------------------------------------------------------------------------------+
; Flow Non-Default Global Settings                                                                                       ;
+-------------------------------------+---------------------------------------+---------------+-------------+------------+
; Assignment Name                     ; Value                                 ; Default Value ; Entity Name ; Section Id ;
+-------------------------------------+---------------------------------------+---------------+-------------+------------+
; COMPILER_SIGNATURE_ID               ; 92378953297592.143317097824400        ; --            ; --          ; --         ;
; ENABLE_SIGNALTAP                    ; Off                                   ; --            ; --          ; --         ;
; MAX_CORE_JUNCTION_TEMP              ; 100                                   ; --            ; --          ; --         ;
; MIN_CORE_JUNCTION_TEMP              ; -40                                   ; --            ; --          ; --         ;
; PARTITION_COLOR                     ; 16764057                              ; --            ; --          ; Top        ;
; PARTITION_FITTER_PRESERVATION_LEVEL ; PLACEMENT_AND_ROUTING                 ; --            ; --          ; Top        ;
; PARTITION_NETLIST_TYPE              ; SOURCE                                ; --            ; --          ; Top        ;
; POWER_BOARD_THERMAL_MODEL           ; None (CONSERVATIVE)                   ; --            ; --          ; --         ;
; POWER_PRESET_COOLING_SOLUTION       ; 23 MM HEAT SINK WITH 200 LFPM AIRFLOW ; --            ; --          ; --         ;
+-------------------------------------+---------------------------------------+---------------+-------------+------------+


+-------------------------------------------------------------------------------------------------------------------------------+
; Flow Elapsed Time                                                                                                             ;
+---------------------------+--------------+-------------------------+---------------------+------------------------------------+
; Module Name               ; Elapsed Time ; Average Processors Used ; Peak Virtual Memory ; Total CPU Time (on all processors) ;
+---------------------------+--------------+-------------------------+---------------------+------------------------------------+
; Analysis & Synthesis      ; 00:00:36     ; 1.0                     ; 769 MB              ; 00:00:50                           ;
; Fitter                    ; 00:01:39     ; 1.0                     ; 1153 MB             ; 00:01:38                           ;
; Assembler                 ; 00:00:02     ; 1.0                     ; 620 MB              ; 00:00:02                           ;
; TimeQuest Timing Analyzer ; 00:00:08     ; 1.0                     ; 738 MB              ; 00:00:08                           ;
; Total                     ; 00:02:25     ; --                      ; --                  ; 00:02:38                           ;
+---------------------------+--------------+-------------------------+---------------------+------------------------------------+


+----------------------------------------------------------------------------------------+
; Flow OS Summary                                                                        ;
+---------------------------+------------------+-----------+------------+----------------+
; Module Name               ; Machine Hostname ; OS Name   ; OS Version ; Processor type ;
+---------------------------+------------------+-----------+------------+----------------+
; Analysis & Synthesis      ; Visuale          ; Windows 7 ; 6.1        ; x86_64         ;
; Fitter                    ; Visuale          ; Windows 7 ; 6.1        ; x86_64         ;
; Assembler                 ; Visuale          ; Windows 7 ; 6.1        ; x86_64         ;
; TimeQuest Timing Analyzer ; Visuale          ; Windows 7 ; 6.1        ; x86_64         ;
+---------------------------+------------------+-----------+------------+----------------+


------------
; Flow Log ;
------------
quartus_map --read_settings_files=on --write_settings_files=off cyclone4 -c cyclone4
quartus_fit --read_settings_files=off --write_settings_files=off cyclone4 -c cyclone4
quartus_asm --read_settings_files=off --write_settings_files=off cyclone4 -c cyclone4
quartus_sta cyclone4 -c cyclone4



